Time slot   0
ld_routine
Time slot   1
	Loaded a process at input/proc/p1, PID: 1, NICENESS: -10
Time slot   2
	CPU 0: Dispatched process  1 (niceness: -10, weight: 2048.000000, vruntime: 0.000000, time_slice: 8)
	Loaded a process at input/proc/p7, PID: 2, NICENESS: -5
Time slot   3
	Loaded a process at input/proc/p2, PID: 3, NICENESS: 0
Time slot   4
	Loaded a process at input/proc/p3, PID: 4, NICENESS: 5
Time slot   5
	Loaded a process at input/proc/p5, PID: 5, NICENESS: 10
Time slot   6
Time slot   7
Time slot   8
Time slot   9
Time slot  10
	CPU 0: Processed  1 has finished (niceness: -10, vruntime: 0.000000)
	CPU 0: Dispatched process  2 (niceness: -5, weight: 1448.154688, vruntime: 0.000000, time_slice: 3)
Time slot  11
Time slot  12
Time slot  13
	CPU 0: Put process  2 to run queue (niceness: -5, vruntime: 2.071602)
	CPU 0: Dispatched process  3 (niceness: 0, weight: 1024.000000, vruntime: 0.000000, time_slice: 2)
Time slot  14
Time slot  15
	CPU 0: Put process  3 to run queue (niceness: 0, vruntime: 1.953125)
	CPU 0: Dispatched process  4 (niceness: 5, weight: 724.077344, vruntime: 0.000000, time_slice: 2)
Time slot  16
Time slot  17
	CPU 0: Put process  4 to run queue (niceness: 5, vruntime: 2.762136)
	CPU 0: Dispatched process  5 (niceness: 10, weight: 512.000000, vruntime: 0.000000, time_slice: 1)
Time slot  18
	CPU 0: Put process  5 to run queue (niceness: 10, vruntime: 1.953125)
	CPU 0: Dispatched process  3 (niceness: 0, weight: 1024.000000, vruntime: 1.953125, time_slice: 2)
Time slot  19
Time slot  20
	CPU 0: Put process  3 to run queue (niceness: 0, vruntime: 3.906250)
	CPU 0: Dispatched process  5 (niceness: 10, weight: 512.000000, vruntime: 1.953125, time_slice: 1)
Time slot  21
	CPU 0: Put process  5 to run queue (niceness: 10, vruntime: 3.906250)
	CPU 0: Dispatched process  2 (niceness: -5, weight: 1448.154688, vruntime: 2.071602, time_slice: 3)
Time slot  22
Time slot  23
Time slot  24
	CPU 0: Put process  2 to run queue (niceness: -5, vruntime: 4.143204)
	CPU 0: Dispatched process  4 (niceness: 5, weight: 724.077344, vruntime: 2.762136, time_slice: 2)
Time slot  25
Time slot  26
	CPU 0: Put process  4 to run queue (niceness: 5, vruntime: 5.524272)
	CPU 0: Dispatched process  3 (niceness: 0, weight: 1024.000000, vruntime: 3.906250, time_slice: 2)
Time slot  27
Time slot  28
	CPU 0: Put process  3 to run queue (niceness: 0, vruntime: 5.859375)
	CPU 0: Dispatched process  5 (niceness: 10, weight: 512.000000, vruntime: 3.906250, time_slice: 1)
Time slot  29
	CPU 0: Put process  5 to run queue (niceness: 10, vruntime: 5.859375)
	CPU 0: Dispatched process  2 (niceness: -5, weight: 1448.154688, vruntime: 4.143204, time_slice: 3)
Time slot  30
Time slot  31
Time slot  32
	CPU 0: Put process  2 to run queue (niceness: -5, vruntime: 6.214806)
	CPU 0: Dispatched process  4 (niceness: 5, weight: 724.077344, vruntime: 5.524272, time_slice: 2)
Time slot  33
Time slot  34
	CPU 0: Put process  4 to run queue (niceness: 5, vruntime: 8.286408)
	CPU 0: Dispatched process  3 (niceness: 0, weight: 1024.000000, vruntime: 5.859375, time_slice: 2)
Time slot  35
Time slot  36
	CPU 0: Put process  3 to run queue (niceness: 0, vruntime: 7.812500)
	CPU 0: Dispatched process  5 (niceness: 10, weight: 512.000000, vruntime: 5.859375, time_slice: 1)
Time slot  37
	CPU 0: Put process  5 to run queue (niceness: 10, vruntime: 7.812500)
	CPU 0: Dispatched process  2 (niceness: -5, weight: 1448.154688, vruntime: 6.214806, time_slice: 3)
Time slot  38
	CPU 0: Processed  2 has finished (niceness: -5, vruntime: 6.214806)
	CPU 0: Dispatched process  3 (niceness: 0, weight: 1024.000000, vruntime: 7.812500, time_slice: 4)
Time slot  39
Time slot  40
Time slot  41
Time slot  42
	CPU 0: Processed  3 has finished (niceness: 0, vruntime: 7.812500)
	CPU 0: Dispatched process  5 (niceness: 10, weight: 512.000000, vruntime: 7.812500, time_slice: 3)
Time slot  43
Time slot  44
Time slot  45
	CPU 0: Put process  5 to run queue (niceness: 10, vruntime: 13.671875)
	CPU 0: Dispatched process  4 (niceness: 5, weight: 724.077344, vruntime: 8.286408, time_slice: 5)
Time slot  46
Time slot  47
Time slot  48
	CPU 0: Processed  4 has finished (niceness: 5, vruntime: 8.286408)
	CPU 0: Dispatched process  5 (niceness: 10, weight: 512.000000, vruntime: 13.671875, time_slice: 8)
Time slot  49
Time slot  50
Time slot  51
Time slot  52
Time slot  53
Time slot  54
Time slot  55
Time slot  56
	CPU 0: Processed  5 has finished (niceness: 10, vruntime: 13.671875)
	CPU 0 stopped
