Time slot   0
ld_routine
	Loaded a process at input/proc/p1, PID: 1, NICENESS: -10
Time slot   1
	CPU 0: Dispatched process  1 (niceness: -10, weight: 2048.000000, vruntime: 0.000000, time_slice: 3)
Time slot   2
Time slot   3
	CPU 0: Process  1 is preempted or has used its time slice
Time slot   4
	CPU 0: Put process  1 to run queue (niceness: -10, vruntime: 1.464844)
	CPU 0: Dispatched process  1 (niceness: -10, weight: 2048.000000, vruntime: 1.464844, time_slice: 3)
Time slot   5
	Loaded a process at input/proc/p2, PID: 2, NICENESS: 0
	CPU 0: Processed  1 has finished (niceness: -10, vruntime: 1.464844)
	CPU 0: Dispatched process  2 (niceness: 0, weight: 1024.000000, vruntime: 0.000000, time_slice: 3)
Time slot   6
Time slot   7
	CPU 0: Processed  2 has finished (niceness: 0, vruntime: 0.000000)
Time slot   8
Time slot   9
Time slot  10
	Loaded a process at input/proc/p3, PID: 3, NICENESS: -5
Time slot  11
	CPU 0: Dispatched process  3 (niceness: -5, weight: 1448.154688, vruntime: 0.000000, time_slice: 3)
Time slot  12
Time slot  13
	CPU 0: Process  3 is preempted or has used its time slice
Time slot  14
	CPU 0: Put process  3 to run queue (niceness: -5, vruntime: 2.071602)
	CPU 0: Dispatched process  3 (niceness: -5, weight: 1448.154688, vruntime: 2.071602, time_slice: 3)
Time slot  15
Time slot  16
	CPU 0: Process  3 is preempted or has used its time slice
Time slot  17
	CPU 0: Put process  3 to run queue (niceness: -5, vruntime: 4.143204)
	CPU 0: Dispatched process  3 (niceness: -5, weight: 1448.154688, vruntime: 4.143204, time_slice: 3)
Time slot  18
Time slot  19
	CPU 0: Processed  3 has finished (niceness: -5, vruntime: 4.143204)
	CPU 0 stopped
