Time slot   0
ld_routine
Time slot   1
	Loaded a process at input/proc/p1, PID: 1, PRIO: 3
Time slot   2
	CPU 0: Dispatched process  1
	Loaded a process at input/proc/p2, PID: 2, PRIO: 1
Time slot   3
	Loaded a process at input/proc/p3, PID: 3, PRIO: 4
Time slot   4
	Loaded a process at input/proc/p4, PID: 4, PRIO: 5
Time slot   5
	CPU 0: Put process  1 to run queue
	CPU 0: Dispatched process  2
Time slot   6
Time slot   7
Time slot   8
	CPU 0: Put process  2 to run queue
	CPU 0: Dispatched process  2
Time slot   9
Time slot  10
Time slot  11
	CPU 0: Put process  2 to run queue
	CPU 0: Dispatched process  2
Time slot  12
Time slot  13
Time slot  14
	CPU 0: Put process  2 to run queue
	CPU 0: Dispatched process  2
Time slot  15
Time slot  16
Time slot  17
	CPU 0: Processed  2 has finished
	      Priority: 1, Waiting time: 3, Turnaround time: 15, CPU burst time: 12
	CPU 0: Dispatched process  1
Time slot  18
Time slot  19
Time slot  20
	CPU 0: Put process  1 to run queue
	CPU 0: Dispatched process  1
Time slot  21
Time slot  22
	CPU 0: Processed  1 has finished
	      Priority: 3, Waiting time: 13, Turnaround time: 21, CPU burst time: 8
	CPU 0: Dispatched process  3
Time slot  23
Time slot  24
Time slot  25
	CPU 0: Put process  3 to run queue
	CPU 0: Dispatched process  3
Time slot  26
Time slot  27
Time slot  28
	CPU 0: Put process  3 to run queue
	CPU 0: Dispatched process  3
Time slot  29
Time slot  30
Time slot  31
	CPU 0: Processed  3 has finished
	      Priority: 4, Waiting time: 19, Turnaround time: 28, CPU burst time: 9
	CPU 0: Dispatched process  4
Time slot  32
Time slot  33
Time slot  34
	CPU 0: Put process  4 to run queue
	CPU 0: Dispatched process  4
Time slot  35
Time slot  36
	CPU 0: Processed  4 has finished
	      Priority: 5, Waiting time: 27, Turnaround time: 32, CPU burst time: 5
	CPU 0 stopped

=== Scheduling Statistics ===
Scheduler: MLQ (Multi-Level Queue)
Number of processes completed: 4
Average waiting time: 15.50 time units
Average turnaround time: 24.00 time units
============================
