Time slot   0
ld_routine
	Loaded a process at input/proc/p5, PID: 1, NICENESS: -20
Time slot   1
	CPU 0: Dispatched process  1 (niceness: -20, weight: 4096.000000, vruntime: 0.000000, time_slice: 4)
	Loaded a process at input/proc/p7, PID: 2, NICENESS: -10
Time slot   2
Time slot   3
Time slot   4
Time slot   5
	CPU 0: Put process  1 to run queue (niceness: -20, vruntime: 1.000000)
	CPU 0: Dispatched process  2 (niceness: -10, weight: 2048.000000, vruntime: 0.000000, time_slice: 4)
Time slot   6
Time slot   7
Time slot   8
Time slot   9
	CPU 0: Put process  2 to run queue (niceness: -10, vruntime: 1.000000)
	CPU 0: Dispatched process  1 (niceness: -20, weight: 4096.000000, vruntime: 1.000000, time_slice: 4)
Time slot  10
Time slot  11
Time slot  12
Time slot  13
	CPU 0: Put process  1 to run queue (niceness: -20, vruntime: 2.000000)
	CPU 0: Dispatched process  2 (niceness: -10, weight: 2048.000000, vruntime: 1.000000, time_slice: 4)
Time slot  14
Time slot  15
Time slot  16
Time slot  17
	CPU 0: Put process  2 to run queue (niceness: -10, vruntime: 2.000000)
	CPU 0: Dispatched process  1 (niceness: -20, weight: 4096.000000, vruntime: 2.000000, time_slice: 4)
Time slot  18
Time slot  19
Time slot  20
Time slot  21
	CPU 0: Put process  1 to run queue (niceness: -20, vruntime: 3.000000)
	CPU 0: Dispatched process  2 (niceness: -10, weight: 2048.000000, vruntime: 2.000000, time_slice: 4)
Time slot  22
Time slot  23
	CPU 0: Processed  2 has finished (niceness: -10, vruntime: 2.000000)

Process 2 stats:
  Turnaround time: 21
  Average wait: 7.333333
  Times scheduled: 3
	CPU 0: Dispatched process  1 (niceness: -20, weight: 4096.000000, vruntime: 3.000000, time_slice: 4)
Time slot  24
Time slot  25
Time slot  26
	CPU 0: Processed  1 has finished (niceness: -20, vruntime: 3.000000)

Process 1 stats:
  Turnaround time: 26
  Average wait: 9.750000
  Times scheduled: 4
	CPU 0 stopped

Overall scheduler statistics:
Average turnaround time: 23.500000
Average waiting time: 30.500000
Total processes completed: 2
