Time slot   0
ld_routine
Time slot   1
	Loaded a process at input/proc/p6, PID: 1, PRIO: 4
Time slot   2
	CPU 0: Dispatched process  1
	Loaded a process at input/proc/p5, PID: 2, PRIO: 0
Time slot   3
Time slot   4
	Loaded a process at input/proc/p7, PID: 3, PRIO: 2
Time slot   5
	CPU 0: Put process  1 to run queue
	CPU 0: Dispatched process  2
Time slot   6
Time slot   7
Time slot   8
	CPU 0: Put process  2 to run queue
	CPU 0: Dispatched process  2
Time slot   9
Time slot  10
Time slot  11
	CPU 0: Put process  2 to run queue
	CPU 0: Dispatched process  2
Time slot  12
Time slot  13
Time slot  14
	CPU 0: Put process  2 to run queue
	CPU 0: Dispatched process  2
Time slot  15
Time slot  16
Time slot  17
	CPU 0: Put process  2 to run queue
	CPU 0: Dispatched process  2
Time slot  18
Time slot  19
Time slot  20
	CPU 0: Processed  2 has finished
	CPU 0: Dispatched process  3
Time slot  21
Time slot  22
Time slot  23
	CPU 0: Put process  3 to run queue
	CPU 0: Dispatched process  3
Time slot  24
Time slot  25
Time slot  26
	CPU 0: Put process  3 to run queue
	CPU 0: Dispatched process  3
Time slot  27
Time slot  28
Time slot  29
	CPU 0: Put process  3 to run queue
	CPU 0: Dispatched process  3
Time slot  30
	CPU 0: Processed  3 has finished
	CPU 0: Dispatched process  1
Time slot  31
Time slot  32
	CPU 0: Processed  1 has finished
	CPU 0 stopped
