Time slot   0
ld_routine
Time slot   1
	Loaded a process at input/proc/p1, PID: 1, PRIO: 4
Time slot   2
	CPU 0: Dispatched process  1
Time slot   3
Time slot   4
	Loaded a process at input/proc/p7, PID: 2, PRIO: 3
Time slot   5
	Loaded a process at input/proc/p2, PID: 3, PRIO: 2
Time slot   6
	CPU 0: Put process  1 to run queue
	CPU 0: Dispatched process  3
Time slot   7
	Loaded a process at input/proc/p3, PID: 4, PRIO: 1
Time slot   8
Time slot   9
	Loaded a process at input/proc/p5, PID: 5, PRIO: 0
Time slot  10
	CPU 0: Put process  3 to run queue
	CPU 0: Dispatched process  5
Time slot  11
Time slot  12
Time slot  13
Time slot  14
	CPU 0: Put process  5 to run queue
	CPU 0: Dispatched process  5
Time slot  15
Time slot  16
Time slot  17
Time slot  18
	CPU 0: Put process  5 to run queue
	CPU 0: Dispatched process  5
Time slot  19
Time slot  20
Time slot  21
Time slot  22
	CPU 0: Put process  5 to run queue
	CPU 0: Dispatched process  5
Time slot  23
Time slot  24
Time slot  25
	CPU 0: Processed  5 has finished
	      Priority: 0, Waiting time: 1, Turnaround time: 16, CPU burst time: 15
	CPU 0: Dispatched process  4
Time slot  26
Time slot  27
Time slot  28
Time slot  29
	CPU 0: Put process  4 to run queue
	CPU 0: Dispatched process  4
Time slot  30
Time slot  31
Time slot  32
Time slot  33
	CPU 0: Put process  4 to run queue
	CPU 0: Dispatched process  4
Time slot  34
	CPU 0: Processed  4 has finished
	      Priority: 1, Waiting time: 18, Turnaround time: 27, CPU burst time: 9
	CPU 0: Dispatched process  3
Time slot  35
Time slot  36
Time slot  37
Time slot  38
	CPU 0: Put process  3 to run queue
	CPU 0: Dispatched process  3
Time slot  39
Time slot  40
Time slot  41
Time slot  42
	CPU 0: Processed  3 has finished
	      Priority: 2, Waiting time: 25, Turnaround time: 37, CPU burst time: 12
	CPU 0: Dispatched process  2
Time slot  43
Time slot  44
Time slot  45
Time slot  46
	CPU 0: Put process  2 to run queue
	CPU 0: Dispatched process  2
Time slot  47
Time slot  48
Time slot  49
Time slot  50
	CPU 0: Put process  2 to run queue
	CPU 0: Dispatched process  2
Time slot  51
Time slot  52
	CPU 0: Processed  2 has finished
	      Priority: 3, Waiting time: 38, Turnaround time: 48, CPU burst time: 10
	CPU 0: Dispatched process  1
Time slot  53
Time slot  54
Time slot  55
Time slot  56
	CPU 0: Processed  1 has finished
	      Priority: 4, Waiting time: 47, Turnaround time: 55, CPU burst time: 8
	CPU 0 stopped

=== Scheduling Statistics ===
Scheduler: MLQ (Multi-Level Queue)
Number of processes completed: 5
Average waiting time: 25.80 time units
Average turnaround time: 36.60 time units
============================
