Time slot   0
ld_routine
Time slot   1
	Loaded a process at input/proc/p8, PID: 1, NICENESS: -20
Time slot   2
	CPU 0: Dispatched process  1 (niceness: -20, weight: 4096.000000, vruntime: 0.000000, time_slice: 4)
	Loaded a process at input/proc/p7, PID: 2, NICENESS: 0
Time slot   3
	Loaded a process at input/proc/p5, PID: 3, NICENESS: 10
Time slot   4
	CPU 0: Processed  1 has finished (niceness: -20, vruntime: 0.000000)

Process 1 stats:
  Turnaround time: 4
  Average wait: 0.000000
  Times scheduled: 1
	CPU 0: Dispatched process  2 (niceness: 0, weight: 1024.000000, vruntime: 0.000000, time_slice: 2)
Time slot   5
Time slot   6
	CPU 0: Put process  2 to run queue (niceness: 0, vruntime: 2.000000)
	CPU 0: Dispatched process  3 (niceness: 10, weight: 512.000000, vruntime: 0.000000, time_slice: 2)
Time slot   7
Time slot   8
	CPU 0: Put process  3 to run queue (niceness: 10, vruntime: 4.000000)
	CPU 0: Dispatched process  2 (niceness: 0, weight: 1024.000000, vruntime: 2.000000, time_slice: 2)
Time slot   9
	Loaded a process at input/proc/p3, PID: 4, NICENESS: -5
Time slot  10
	CPU 0: Put process  2 to run queue (niceness: 0, vruntime: 4.000000)
	CPU 0: Dispatched process  3 (niceness: 10, weight: 512.000000, vruntime: 4.000000, time_slice: 2)
Time slot  11
Time slot  12
	CPU 0: Put process  3 to run queue (niceness: 10, vruntime: 8.000000)
	CPU 0: Dispatched process  4 (niceness: -5, weight: 1024.000000, vruntime: 4.000000, time_slice: 2)
Time slot  13
Time slot  14
	CPU 0: Put process  4 to run queue (niceness: -5, vruntime: 6.000000)
	CPU 0: Dispatched process  2 (niceness: 0, weight: 1024.000000, vruntime: 4.000000, time_slice: 2)
Time slot  15
Time slot  16
	CPU 0: Put process  2 to run queue (niceness: 0, vruntime: 6.000000)
	CPU 0: Dispatched process  4 (niceness: -5, weight: 1024.000000, vruntime: 6.000000, time_slice: 2)
Time slot  17
Time slot  18
	CPU 0: Put process  4 to run queue (niceness: -5, vruntime: 8.000000)
	CPU 0: Dispatched process  2 (niceness: 0, weight: 1024.000000, vruntime: 6.000000, time_slice: 2)
Time slot  19
Time slot  20
	CPU 0: Put process  2 to run queue (niceness: 0, vruntime: 8.000000)
	CPU 0: Dispatched process  3 (niceness: 10, weight: 512.000000, vruntime: 8.000000, time_slice: 2)
Time slot  21
Time slot  22
	CPU 0: Put process  3 to run queue (niceness: 10, vruntime: 12.000000)
	CPU 0: Dispatched process  4 (niceness: -5, weight: 1024.000000, vruntime: 8.000000, time_slice: 2)
Time slot  23
Time slot  24
	CPU 0: Put process  4 to run queue (niceness: -5, vruntime: 10.000000)
	CPU 0: Dispatched process  2 (niceness: 0, weight: 1024.000000, vruntime: 8.000000, time_slice: 2)
Time slot  25
Time slot  26
	CPU 0: Processed  2 has finished (niceness: 0, vruntime: 8.000000)

Process 2 stats:
  Turnaround time: 24
  Average wait: 8.800000
  Times scheduled: 5
	CPU 0: Dispatched process  4 (niceness: -5, weight: 1024.000000, vruntime: 10.000000, time_slice: 2)
Time slot  27
Time slot  28
	CPU 0: Put process  4 to run queue (niceness: -5, vruntime: 12.000000)
	CPU 0: Dispatched process  3 (niceness: 10, weight: 512.000000, vruntime: 12.000000, time_slice: 2)
Time slot  29
Time slot  30
	CPU 0: Put process  3 to run queue (niceness: 10, vruntime: 16.000000)
	CPU 0: Dispatched process  4 (niceness: -5, weight: 1024.000000, vruntime: 12.000000, time_slice: 2)
Time slot  31
	CPU 0: Processed  4 has finished (niceness: -5, vruntime: 12.000000)

Process 4 stats:
  Turnaround time: 27
  Average wait: 13.600000
  Times scheduled: 5
	CPU 0: Dispatched process  3 (niceness: 10, weight: 512.000000, vruntime: 16.000000, time_slice: 4)
Time slot  32
Time slot  33
Time slot  34
Time slot  35
	CPU 0: Put process  3 to run queue (niceness: 10, vruntime: 24.000000)
	CPU 0: Dispatched process  3 (niceness: 10, weight: 512.000000, vruntime: 24.000000, time_slice: 4)
Time slot  36
Time slot  37
Time slot  38
	CPU 0: Processed  3 has finished (niceness: 10, vruntime: 24.000000)

Process 3 stats:
  Turnaround time: 35
  Average wait: 15.333333
  Times scheduled: 6
	CPU 0 stopped

Overall scheduler statistics:
Average turnaround time: 22.500000
Average waiting time: 51.000000
Total processes completed: 4
