Time slot   0
ld_routine
Time slot   1
	Loaded a process at input/proc/p1, PID: 1, NICENESS: -5
	CPU 0: Dispatched process  1 (niceness: -5, weight: 2048.000000, vruntime: 0.000000, time_slice: 6)
Time slot   2
	Loaded a process at input/proc/p2, PID: 2, NICENESS: 0
Time slot   3
	Loaded a process at input/proc/p3, PID: 3, NICENESS: 5
Time slot   4
Time slot   5
Time slot   6
Time slot   7
	CPU 0: Put process  1 to run queue (niceness: -5, vruntime: 2.000000)
	CPU 0: Dispatched process  2 (niceness: 0, weight: 1024.000000, vruntime: 0.000000, time_slice: 4)
Time slot   8
Time slot   9
Time slot  10
Time slot  11
	CPU 0: Processed  2 has finished (niceness: 0, vruntime: 0.000000)

Process 2 stats:
  Turnaround time: 9
  Average wait: 0.000000
  Times scheduled: 1
	CPU 0: Dispatched process  3 (niceness: 5, weight: 512.000000, vruntime: 0.000000, time_slice: 4)
Time slot  12
Time slot  13
Time slot  14
Time slot  15
	CPU 0: Put process  3 to run queue (niceness: 5, vruntime: 5.000000)
	CPU 0: Dispatched process  1 (niceness: -5, weight: 2048.000000, vruntime: 2.000000, time_slice: 4)
Time slot  16
Time slot  17
	CPU 0: Processed  1 has finished (niceness: -5, vruntime: 2.000000)

Process 1 stats:
  Turnaround time: 17
  Average wait: 3.500000
  Times scheduled: 2
	CPU 0: Dispatched process  3 (niceness: 5, weight: 512.000000, vruntime: 5.000000, time_slice: 6)
Time slot  18
Time slot  19
Time slot  20
Time slot  21
Time slot  22
	CPU 0: Processed  3 has finished (niceness: 5, vruntime: 5.000000)

Process 3 stats:
  Turnaround time: 19
  Average wait: 6.000000
  Times scheduled: 2
	CPU 0 stopped

Overall scheduler statistics:
Average turnaround time: 15.000000
Average waiting time: 6.333333
Total processes completed: 3
